# JRE version: OpenJDK Runtime Environment (20.0.2+9) (build 20.0.2+9-78)
# Java VM: OpenJDK 64-Bit Server VM (20.0.2+9-78, mixed mode, sharing, tiered, compressed oops, compressed class ptrs, g1 gc, windows-amd64)
GC Precious Log:
 CardTable entry size: 512
 Card Set container configuration: InlinePtr #cards 4 size 8 Array Of Cards #cards 32 size 80 Howl #buckets 8 coarsen threshold 7372 Howl Bitmap #cards 1024 size 144 coarsen threshold 921 Card regions per heap region 1 cards per card region 8192
 CPUs: 4 total, 4 available
 Memory: 18354M
 Large Page Support: Disabled
 NUMA Support: Disabled
 Compressed Oops: Enabled (Zero based)
 Heap Region Size: 4M
 Heap Min Capacity: 8M
 Heap Initial Capacity: 288M
 Heap Max Capacity: 4592M
 Pre-touch: Disabled
 Parallel Workers: 4
 Concurrent Workers: 1
 Concurrent Refinement Workers: 4
 Periodic GC: Disabled
Heap:
 garbage-first heap   total 81920K, used 67244K [0x00000006e1000000, 0x0000000800000000)
  region size 4096K, 10 young (40960K), 1 survivors (4096K)
 Metaspace       used 72541K, committed 73280K, reserved 1114112K
  class space    used 9720K, committed 10048K, reserved 1048576K
GC Heap History (20 events):
Event: 1.452 GC heap after
{Heap after GC invocations=3 (full 0):
 garbage-first heap   total 294912K, used 8319K [0x00000006e1000000, 0x0000000800000000)
  region size 4096K, 1 young (4096K), 1 survivors (4096K)
 Metaspace       used 10487K, committed 10816K, reserved 1114112K
  class space    used 1246K, committed 1408K, reserved 1048576K
}
Event: 3.105 GC heap before
{Heap before GC invocations=3 (full 0):
 garbage-first heap   total 294912K, used 61567K [0x00000006e1000000, 0x0000000800000000)
  region size 4096K, 16 young (65536K), 1 survivors (4096K)
 Metaspace       used 21280K, committed 21504K, reserved 1114112K
  class space    used 2544K, committed 2624K, reserved 1048576K
}
Event: 3.115 GC heap after
{Heap after GC invocations=4 (full 0):
 garbage-first heap   total 294912K, used 13247K [0x00000006e1000000, 0x0000000800000000)
  region size 4096K, 2 young (8192K), 2 survivors (8192K)
 Metaspace       used 21280K, committed 21504K, reserved 1114112K
  class space    used 2544K, committed 2624K, reserved 1048576K
}
Event: 4.138 GC heap before
{Heap before GC invocations=5 (full 0):
 garbage-first heap   total 57344K, used 37823K [0x00000006e1000000, 0x0000000800000000)
  region size 4096K, 8 young (32768K), 2 survivors (8192K)
 Metaspace       used 25524K, committed 25984K, reserved 1114112K
  class space    used 3194K, committed 3392K, reserved 1048576K
}
Event: 4.151 GC heap after
{Heap after GC invocations=6 (full 0):
 garbage-first heap   total 57344K, used 15829K [0x00000006e1000000, 0x0000000800000000)
  region size 4096K, 1 young (4096K), 1 survivors (4096K)
 Metaspace       used 25524K, committed 25984K, reserved 1114112K
  class space    used 3194K, committed 3392K, reserved 1048576K
}
Event: 4.783 GC heap before
{Heap before GC invocations=6 (full 0):
 garbage-first heap   total 57344K, used 36309K [0x00000006e1000000, 0x0000000800000000)
  region size 4096K, 6 young (24576K), 1 survivors (4096K)
 Metaspace       used 29074K, committed 29568K, reserved 1114112K
  class space    used 3608K, committed 3840K, reserved 1048576K
}
Event: 4.792 GC heap after
{Heap after GC invocations=7 (full 0):
 garbage-first heap   total 57344K, used 17433K [0x00000006e1000000, 0x0000000800000000)
  region size 4096K, 1 young (4096K), 1 survivors (4096K)
 Metaspace       used 29074K, committed 29568K, reserved 1114112K
  class space    used 3608K, committed 3840K, reserved 1048576K
}
Event: 5.629 GC heap before
{Heap before GC invocations=7 (full 0):
 garbage-first heap   total 57344K, used 37913K [0x00000006e1000000, 0x0000000800000000)
  region size 4096K, 7 young (28672K), 1 survivors (4096K)
 Metaspace       used 35450K, committed 35968K, reserved 1114112K
  class space    used 4571K, committed 4800K, reserved 1048576K
}
Event: 5.633 GC heap after
{Heap after GC invocations=8 (full 0):
 garbage-first heap   total 176128K, used 18635K [0x00000006e1000000, 0x0000000800000000)
  region size 4096K, 1 young (4096K), 1 survivors (4096K)
 Metaspace       used 35450K, committed 35968K, reserved 1114112K
  class space    used 4571K, committed 4800K, reserved 1048576K
}
Event: 7.403 GC heap before
{Heap before GC invocations=9 (full 0):
 garbage-first heap   total 81920K, used 63691K [0x00000006e1000000, 0x0000000800000000)
  region size 4096K, 12 young (49152K), 1 survivors (4096K)
 Metaspace       used 52327K, committed 52928K, reserved 1114112K
  class space    used 6729K, committed 6976K, reserved 1048576K
}
Event: 7.412 GC heap after
{Heap after GC invocations=10 (full 0):
 garbage-first heap   total 81920K, used 22378K [0x00000006e1000000, 0x0000000800000000)
  region size 4096K, 2 young (8192K), 2 survivors (8192K)
 Metaspace       used 52327K, committed 52928K, reserved 1114112K
  class space    used 6729K, committed 6976K, reserved 1048576K
}
Event: 8.531 GC heap before
{Heap before GC invocations=10 (full 0):
 garbage-first heap   total 81920K, used 55146K [0x00000006e1000000, 0x0000000800000000)
  region size 4096K, 11 young (45056K), 2 survivors (8192K)
 Metaspace       used 59795K, committed 60416K, reserved 1114112K
  class space    used 7808K, committed 8064K, reserved 1048576K
}
Event: 8.544 GC heap after
{Heap after GC invocations=11 (full 0):
 garbage-first heap   total 81920K, used 24810K [0x00000006e1000000, 0x0000000800000000)
  region size 4096K, 2 young (8192K), 2 survivors (8192K)
 Metaspace       used 59795K, committed 60416K, reserved 1114112K
  class space    used 7808K, committed 8064K, reserved 1048576K
}
Event: 8.666 GC heap before
{Heap before GC invocations=11 (full 0):
 garbage-first heap   total 81920K, used 28906K [0x00000006e1000000, 0x0000000800000000)
  region size 4096K, 4 young (16384K), 2 survivors (8192K)
 Metaspace       used 60160K, committed 60736K, reserved 1114112K
  class space    used 7868K, committed 8128K, reserved 1048576K
}
Event: 8.672 GC heap after
{Heap after GC invocations=12 (full 0):
 garbage-first heap   total 81920K, used 25191K [0x00000006e1000000, 0x0000000800000000)
  region size 4096K, 1 young (4096K), 1 survivors (4096K)
 Metaspace       used 60160K, committed 60736K, reserved 1114112K
  class space    used 7868K, committed 8128K, reserved 1048576K
}
Event: 9.600 GC heap before
{Heap before GC invocations=13 (full 0):
 garbage-first heap   total 81920K, used 66151K [0x00000006e1000000, 0x0000000800000000)
  region size 4096K, 11 young (45056K), 1 survivors (4096K)
 Metaspace       used 65710K, committed 66304K, reserved 1114112K
  class space    used 8851K, committed 9088K, reserved 1048576K
}
Event: 9.607 GC heap after
{Heap after GC invocations=14 (full 0):
 garbage-first heap   total 81920K, used 27275K [0x00000006e1000000, 0x0000000800000000)
  region size 4096K, 2 young (8192K), 2 survivors (8192K)
 Metaspace       used 65710K, committed 66304K, reserved 1114112K
  class space    used 8851K, committed 9088K, reserved 1048576K
}
Event: 10.448 GC heap before
{Heap before GC invocations=14 (full 0):
 garbage-first heap   total 81920K, used 64139K [0x00000006e1000000, 0x0000000800000000)
  region size 4096K, 11 young (45056K), 2 survivors (8192K)
 Metaspace       used 68526K, committed 69120K, reserved 1114112K
  class space    used 9206K, committed 9472K, reserved 1048576K
}
Event: 10.462 GC heap after
{Heap after GC invocations=15 (full 0):
 garbage-first heap   total 81920K, used 30380K [0x00000006e1000000, 0x0000000800000000)
  region size 4096K, 2 young (8192K), 2 survivors (8192K)
 Metaspace       used 68526K, committed 69120K, reserved 1114112K
  class space    used 9206K, committed 9472K, reserved 1048576K
}
Event: 648.877 GC heap before
{Heap before GC invocations=15 (full 0):
 garbage-first heap   total 81920K, used 67244K [0x00000006e1000000, 0x0000000800000000)
  region size 4096K, 11 young (45056K), 2 survivors (8192K)
 Metaspace       used 72541K, committed 73280K, reserved 1114112K
  class space    used 9720K, committed 10048K, reserved 1048576K
}

