# JRE version: OpenJDK Runtime Environment (20.0.2+9) (build 20.0.2+9-78)
# Java VM: OpenJDK 64-Bit Server VM (20.0.2+9-78, mixed mode, sharing, tiered, compressed oops, compressed class ptrs, g1 gc, windows-amd64)
GC Precious Log:
 CardTable entry size: 512
 Card Set container configuration: InlinePtr #cards 4 size 8 Array Of Cards #cards 32 size 80 Howl #buckets 8 coarsen threshold 7372 Howl Bitmap #cards 1024 size 144 coarsen threshold 921 Card regions per heap region 1 cards per card region 8192
 CPUs: 4 total, 4 available
 Memory: 18354M
 Large Page Support: Disabled
 NUMA Support: Disabled
 Compressed Oops: Enabled (Zero based)
 Heap Region Size: 4M
 Heap Min Capacity: 8M
 Heap Initial Capacity: 288M
 Heap Max Capacity: 4592M
 Pre-touch: Disabled
 Parallel Workers: 4
 Concurrent Workers: 1
 Concurrent Refinement Workers: 4
 Periodic GC: Disabled
Heap:
 garbage-first heap   total 81920K, used 41071K [0x00000006e1000000, 0x0000000800000000)
  region size 4096K, 5 young (20480K), 1 survivors (4096K)
 Metaspace       used 73703K, committed 74432K, reserved 1114112K
  class space    used 9835K, committed 10112K, reserved 1048576K
GC Heap History (20 events):
Event: 4.187 GC heap before
{Heap before GC invocations=5 (full 0):
 garbage-first heap   total 57344K, used 37721K [0x00000006e1000000, 0x0000000800000000)
  region size 4096K, 8 young (32768K), 2 survivors (8192K)
 Metaspace       used 25508K, committed 25984K, reserved 1114112K
  class space    used 3192K, committed 3392K, reserved 1048576K
}
Event: 4.203 GC heap after
{Heap after GC invocations=6 (full 0):
 garbage-first heap   total 57344K, used 15320K [0x00000006e1000000, 0x0000000800000000)
  region size 4096K, 1 young (4096K), 1 survivors (4096K)
 Metaspace       used 25508K, committed 25984K, reserved 1114112K
  class space    used 3192K, committed 3392K, reserved 1048576K
}
Event: 4.768 GC heap before
{Heap before GC invocations=6 (full 0):
 garbage-first heap   total 57344K, used 35800K [0x00000006e1000000, 0x0000000800000000)
  region size 4096K, 6 young (24576K), 1 survivors (4096K)
 Metaspace       used 29044K, committed 29568K, reserved 1114112K
  class space    used 3608K, committed 3840K, reserved 1048576K
}
Event: 4.776 GC heap after
{Heap after GC invocations=7 (full 0):
 garbage-first heap   total 57344K, used 16989K [0x00000006e1000000, 0x0000000800000000)
  region size 4096K, 1 young (4096K), 1 survivors (4096K)
 Metaspace       used 29044K, committed 29568K, reserved 1114112K
  class space    used 3608K, committed 3840K, reserved 1048576K
}
Event: 5.489 GC heap before
{Heap before GC invocations=7 (full 0):
 garbage-first heap   total 57344K, used 37469K [0x00000006e1000000, 0x0000000800000000)
  region size 4096K, 7 young (28672K), 1 survivors (4096K)
 Metaspace       used 35354K, committed 35968K, reserved 1114112K
  class space    used 4559K, committed 4800K, reserved 1048576K
}
Event: 5.493 GC heap after
{Heap after GC invocations=8 (full 0):
 garbage-first heap   total 176128K, used 18358K [0x00000006e1000000, 0x0000000800000000)
  region size 4096K, 1 young (4096K), 1 survivors (4096K)
 Metaspace       used 35354K, committed 35968K, reserved 1114112K
  class space    used 4559K, committed 4800K, reserved 1048576K
}
Event: 7.052 GC heap before
{Heap before GC invocations=9 (full 0):
 garbage-first heap   total 81920K, used 63414K [0x00000006e1000000, 0x0000000800000000)
  region size 4096K, 12 young (49152K), 1 survivors (4096K)
 Metaspace       used 52264K, committed 52800K, reserved 1114112K
  class space    used 6723K, committed 6976K, reserved 1048576K
}
Event: 7.060 GC heap after
{Heap after GC invocations=10 (full 0):
 garbage-first heap   total 81920K, used 22079K [0x00000006e1000000, 0x0000000800000000)
  region size 4096K, 2 young (8192K), 2 survivors (8192K)
 Metaspace       used 52264K, committed 52800K, reserved 1114112K
  class space    used 6723K, committed 6976K, reserved 1048576K
}
Event: 8.054 GC heap before
{Heap before GC invocations=10 (full 0):
 garbage-first heap   total 81920K, used 58943K [0x00000006e1000000, 0x0000000800000000)
  region size 4096K, 12 young (49152K), 2 survivors (8192K)
 Metaspace       used 59871K, committed 60416K, reserved 1114112K
  class space    used 7828K, committed 8064K, reserved 1048576K
}
Event: 8.068 GC heap after
{Heap after GC invocations=11 (full 0):
 garbage-first heap   total 81920K, used 25008K [0x00000006e1000000, 0x0000000800000000)
  region size 4096K, 2 young (8192K), 2 survivors (8192K)
 Metaspace       used 59871K, committed 60416K, reserved 1114112K
  class space    used 7828K, committed 8064K, reserved 1048576K
}
Event: 8.111 GC heap before
{Heap before GC invocations=11 (full 0):
 garbage-first heap   total 81920K, used 25008K [0x00000006e1000000, 0x0000000800000000)
  region size 4096K, 3 young (12288K), 2 survivors (8192K)
 Metaspace       used 60203K, committed 60736K, reserved 1114112K
  class space    used 7880K, committed 8128K, reserved 1048576K
}
Event: 8.117 GC heap after
{Heap after GC invocations=12 (full 0):
 garbage-first heap   total 81920K, used 25302K [0x00000006e1000000, 0x0000000800000000)
  region size 4096K, 1 young (4096K), 1 survivors (4096K)
 Metaspace       used 60203K, committed 60736K, reserved 1114112K
  class space    used 7880K, committed 8128K, reserved 1048576K
}
Event: 8.909 GC heap before
{Heap before GC invocations=13 (full 0):
 garbage-first heap   total 81920K, used 66262K [0x00000006e1000000, 0x0000000800000000)
  region size 4096K, 11 young (45056K), 1 survivors (4096K)
 Metaspace       used 65637K, committed 66176K, reserved 1114112K
  class space    used 8853K, committed 9088K, reserved 1048576K
}
Event: 8.916 GC heap after
{Heap after GC invocations=14 (full 0):
 garbage-first heap   total 81920K, used 27817K [0x00000006e1000000, 0x0000000800000000)
  region size 4096K, 2 young (8192K), 2 survivors (8192K)
 Metaspace       used 65637K, committed 66176K, reserved 1114112K
  class space    used 8853K, committed 9088K, reserved 1048576K
}
Event: 9.651 GC heap before
{Heap before GC invocations=14 (full 0):
 garbage-first heap   total 81920K, used 64681K [0x00000006e1000000, 0x0000000800000000)
  region size 4096K, 11 young (45056K), 2 survivors (8192K)
 Metaspace       used 68465K, committed 69056K, reserved 1114112K
  class space    used 9209K, committed 9472K, reserved 1048576K
}
Event: 9.661 GC heap after
{Heap after GC invocations=15 (full 0):
 garbage-first heap   total 81920K, used 30501K [0x00000006e1000000, 0x0000000800000000)
  region size 4096K, 2 young (8192K), 2 survivors (8192K)
 Metaspace       used 68465K, committed 69056K, reserved 1114112K
  class space    used 9209K, committed 9472K, reserved 1048576K
}
Event: 455.104 GC heap before
{Heap before GC invocations=15 (full 0):
 garbage-first heap   total 81920K, used 63269K [0x00000006e1000000, 0x0000000800000000)
  region size 4096K, 11 young (45056K), 2 survivors (8192K)
 Metaspace       used 72831K, committed 73536K, reserved 1114112K
  class space    used 9772K, committed 10048K, reserved 1048576K
}
Event: 455.196 GC heap after
{Heap after GC invocations=16 (full 1):
 garbage-first heap   total 81920K, used 26143K [0x00000006e1000000, 0x0000000800000000)
  region size 4096K, 0 young (0K), 0 survivors (0K)
 Metaspace       used 72818K, committed 73536K, reserved 1114112K
  class space    used 9770K, committed 10048K, reserved 1048576K
}
Event: 458.724 GC heap before
{Heap before GC invocations=16 (full 1):
 garbage-first heap   total 81920K, used 67103K [0x00000006e1000000, 0x0000000800000000)
  region size 4096K, 10 young (40960K), 0 survivors (0K)
 Metaspace       used 73448K, committed 74176K, reserved 1114112K
  class space    used 9829K, committed 10112K, reserved 1048576K
}
Event: 458.729 GC heap after
{Heap after GC invocations=17 (full 1):
 garbage-first heap   total 81920K, used 28783K [0x00000006e1000000, 0x0000000800000000)
  region size 4096K, 1 young (4096K), 1 survivors (4096K)
 Metaspace       used 73448K, committed 74176K, reserved 1114112K
  class space    used 9829K, committed 10112K, reserved 1048576K
}

