# JRE version: OpenJDK Runtime Environment (21.0.1+12) (build 21.0.1+12-Ubuntu-222.04)
# Java VM: OpenJDK 64-Bit Server VM (21.0.1+12-Ubuntu-222.04, mixed mode, sharing, tiered, compressed oops, compressed class ptrs, g1 gc, linux-amd64)
GC Precious Log:
 CardTable entry size: 512
 Card Set container configuration: InlinePtr #cards 4 size 8 Array Of Cards #cards 32 size 80 Howl #buckets 8 coarsen threshold 7372 Howl Bitmap #cards 1024 size 144 coarsen threshold 921 Card regions per heap region 1 cards per card region 8192
 CPUs: 4 total, 4 available
 Memory: 17901M
 Large Page Support: Disabled
 NUMA Support: Disabled
 Compressed Oops: Enabled (Zero based)
 Heap Region Size: 4M
 Heap Min Capacity: 8M
 Heap Initial Capacity: 280M
 Heap Max Capacity: 4476M
 Pre-touch: Disabled
 Parallel Workers: 4
 Concurrent Workers: 1
 Concurrent Refinement Workers: 4
 Periodic GC: Disabled
Heap:
 garbage-first heap   total 122880K, used 55471K [0x00000006e8400000, 0x0000000800000000)
  region size 4096K, 7 young (28672K), 3 survivors (12288K)
 Metaspace       used 89665K, committed 91072K, reserved 1179648K
  class space    used 11500K, committed 12096K, reserved 1048576K
GC Heap History (20 events):
Event: 3159,842 GC heap before
{Heap before GC invocations=39 (full 3):
 garbage-first heap   total 110592K, used 91791K [0x00000006e8400000, 0x0000000800000000)
  region size 4096K, 15 young (61440K), 0 survivors (0K)
 Metaspace       used 87712K, committed 88640K, reserved 1179648K
  class space    used 11462K, committed 11904K, reserved 1048576K
}
Event: 3159,855 GC heap after
{Heap after GC invocations=40 (full 3):
 garbage-first heap   total 110592K, used 39637K [0x00000006e8400000, 0x0000000800000000)
  region size 4096K, 2 young (8192K), 2 survivors (8192K)
 Metaspace       used 87712K, committed 88640K, reserved 1179648K
  class space    used 11462K, committed 11904K, reserved 1048576K
}
Event: 3160,541 GC heap before
{Heap before GC invocations=41 (full 3):
 garbage-first heap   total 110592K, used 84693K [0x00000006e8400000, 0x0000000800000000)
  region size 4096K, 13 young (53248K), 2 survivors (8192K)
 Metaspace       used 88069K, committed 88960K, reserved 1179648K
  class space    used 11481K, committed 11904K, reserved 1048576K
}
Event: 3160,554 GC heap after
{Heap after GC invocations=42 (full 3):
 garbage-first heap   total 110592K, used 42410K [0x00000006e8400000, 0x0000000800000000)
  region size 4096K, 1 young (4096K), 1 survivors (4096K)
 Metaspace       used 88069K, committed 88960K, reserved 1179648K
  class space    used 11481K, committed 11904K, reserved 1048576K
}
Event: 3641,540 GC heap before
{Heap before GC invocations=42 (full 3):
 garbage-first heap   total 110592K, used 87466K [0x00000006e8400000, 0x0000000800000000)
  region size 4096K, 12 young (49152K), 1 survivors (4096K)
 Metaspace       used 88071K, committed 88960K, reserved 1179648K
  class space    used 11481K, committed 11904K, reserved 1048576K
}
Event: 3641,543 GC heap after
{Heap after GC invocations=43 (full 3):
 garbage-first heap   total 135168K, used 42260K [0x00000006e8400000, 0x0000000800000000)
  region size 4096K, 1 young (4096K), 1 survivors (4096K)
 Metaspace       used 88071K, committed 88960K, reserved 1179648K
  class space    used 11481K, committed 11904K, reserved 1048576K
}
Event: 4205,816 GC heap before
{Heap before GC invocations=43 (full 3):
 garbage-first heap   total 135168K, used 91412K [0x00000006e8400000, 0x0000000800000000)
  region size 4096K, 14 young (57344K), 1 survivors (4096K)
 Metaspace       used 88086K, committed 89024K, reserved 1179648K
  class space    used 11481K, committed 11904K, reserved 1048576K
}
Event: 4206,100 GC heap after
{Heap after GC invocations=44 (full 4):
 garbage-first heap   total 122880K, used 33046K [0x00000006e8400000, 0x0000000800000000)
  region size 4096K, 0 young (0K), 0 survivors (0K)
 Metaspace       used 88063K, committed 89024K, reserved 1179648K
  class space    used 11478K, committed 11904K, reserved 1048576K
}
Event: 4207,884 GC heap before
{Heap before GC invocations=44 (full 4):
 garbage-first heap   total 122880K, used 106774K [0x00000006e8400000, 0x0000000800000000)
  region size 4096K, 18 young (73728K), 0 survivors (0K)
 Metaspace       used 88698K, committed 89664K, reserved 1179648K
  class space    used 11523K, committed 11968K, reserved 1048576K
}
Event: 4207,911 GC heap after
{Heap after GC invocations=45 (full 4):
 garbage-first heap   total 122880K, used 39092K [0x00000006e8400000, 0x0000000800000000)
  region size 4096K, 2 young (8192K), 2 survivors (8192K)
 Metaspace       used 88698K, committed 89664K, reserved 1179648K
  class space    used 11523K, committed 11968K, reserved 1048576K
}
Event: 4209,928 GC heap before
{Heap before GC invocations=46 (full 4):
 garbage-first heap   total 122880K, used 71860K [0x00000006e8400000, 0x0000000800000000)
  region size 4096K, 11 young (45056K), 2 survivors (8192K)
 Metaspace       used 88822K, committed 89792K, reserved 1179648K
  class space    used 11528K, committed 11968K, reserved 1048576K
}
Event: 4210,265 GC heap after
{Heap after GC invocations=47 (full 5):
 garbage-first heap   total 122880K, used 33474K [0x00000006e8400000, 0x0000000800000000)
  region size 4096K, 0 young (0K), 0 survivors (0K)
 Metaspace       used 88803K, committed 89792K, reserved 1179648K
  class space    used 11525K, committed 11968K, reserved 1048576K
}
Event: 4211,606 GC heap before
{Heap before GC invocations=47 (full 5):
 garbage-first heap   total 122880K, used 103106K [0x00000006e8400000, 0x0000000800000000)
  region size 4096K, 17 young (69632K), 0 survivors (0K)
 Metaspace       used 89305K, committed 90304K, reserved 1179648K
  class space    used 11560K, committed 12032K, reserved 1048576K
}
Event: 4211,623 GC heap after
{Heap after GC invocations=48 (full 5):
 garbage-first heap   total 122880K, used 39498K [0x00000006e8400000, 0x0000000800000000)
  region size 4096K, 2 young (8192K), 2 survivors (8192K)
 Metaspace       used 89305K, committed 90304K, reserved 1179648K
  class space    used 11560K, committed 12032K, reserved 1048576K
}
Event: 4841,358 GC heap before
{Heap before GC invocations=49 (full 5):
 garbage-first heap   total 122880K, used 100938K [0x00000006e8400000, 0x0000000800000000)
  region size 4096K, 17 young (69632K), 2 survivors (8192K)
 Metaspace       used 89461K, committed 90432K, reserved 1179648K
  class space    used 11569K, committed 12032K, reserved 1048576K
}
Event: 4841,363 GC heap after
{Heap after GC invocations=50 (full 5):
 garbage-first heap   total 122880K, used 38362K [0x00000006e8400000, 0x0000000800000000)
  region size 4096K, 2 young (8192K), 2 survivors (8192K)
 Metaspace       used 89461K, committed 90432K, reserved 1179648K
  class space    used 11569K, committed 12032K, reserved 1048576K
}
Event: 5482,546 GC heap before
{Heap before GC invocations=50 (full 5):
 garbage-first heap   total 122880K, used 99802K [0x00000006e8400000, 0x0000000800000000)
  region size 4096K, 17 young (69632K), 2 survivors (8192K)
 Metaspace       used 89482K, committed 90432K, reserved 1179648K
  class space    used 11569K, committed 12032K, reserved 1048576K
}
Event: 5482,572 GC heap after
{Heap after GC invocations=51 (full 5):
 garbage-first heap   total 122880K, used 38016K [0x00000006e8400000, 0x0000000800000000)
  region size 4096K, 2 young (8192K), 2 survivors (8192K)
 Metaspace       used 89482K, committed 90432K, reserved 1179648K
  class space    used 11569K, committed 12032K, reserved 1048576K
}
Event: 5483,871 GC heap before
{Heap before GC invocations=51 (full 5):
 garbage-first heap   total 122880K, used 95360K [0x00000006e8400000, 0x0000000800000000)
  region size 4096K, 17 young (69632K), 2 survivors (8192K)
 Metaspace       used 89894K, committed 90880K, reserved 1179648K
  class space    used 11602K, committed 12096K, reserved 1048576K
}
Event: 5483,886 GC heap after
{Heap after GC invocations=52 (full 5):
 garbage-first heap   total 122880K, used 43183K [0x00000006e8400000, 0x0000000800000000)
  region size 4096K, 3 young (12288K), 3 survivors (12288K)
 Metaspace       used 89894K, committed 90880K, reserved 1179648K
  class space    used 11602K, committed 12096K, reserved 1048576K
}

