# JRE version: OpenJDK Runtime Environment (20.0.2+9) (build 20.0.2+9-78)
# Java VM: OpenJDK 64-Bit Server VM (20.0.2+9-78, mixed mode, sharing, tiered, compressed oops, compressed class ptrs, g1 gc, windows-amd64)
GC Precious Log:
 CardTable entry size: 512
 Card Set container configuration: InlinePtr #cards 4 size 8 Array Of Cards #cards 32 size 80 Howl #buckets 8 coarsen threshold 7372 Howl Bitmap #cards 1024 size 144 coarsen threshold 921 Card regions per heap region 1 cards per card region 8192
 CPUs: 4 total, 4 available
 Memory: 18354M
 Large Page Support: Disabled
 NUMA Support: Disabled
 Compressed Oops: Enabled (Zero based)
 Heap Region Size: 4M
 Heap Min Capacity: 8M
 Heap Initial Capacity: 288M
 Heap Max Capacity: 4592M
 Pre-touch: Disabled
 Parallel Workers: 4
 Concurrent Workers: 1
 Concurrent Refinement Workers: 4
 Periodic GC: Disabled
Heap:
 garbage-first heap   total 98304K, used 49665K [0x00000006e1000000, 0x0000000800000000)
  region size 4096K, 4 young (16384K), 2 survivors (8192K)
 Metaspace       used 78688K, committed 79424K, reserved 1179648K
  class space    used 10011K, committed 10368K, reserved 1048576K
GC Heap History (20 events):
Event: 6366.029 GC heap after
{Heap after GC invocations=45 (full 4):
 garbage-first heap   total 77824K, used 31458K [0x00000006e1000000, 0x0000000800000000)
  region size 4096K, 2 young (8192K), 2 survivors (8192K)
 Metaspace       used 72676K, committed 73408K, reserved 1114112K
  class space    used 9320K, committed 9664K, reserved 1048576K
}
Event: 6378.856 GC heap before
{Heap before GC invocations=45 (full 4):
 garbage-first heap   total 77824K, used 60130K [0x00000006e1000000, 0x0000000800000000)
  region size 4096K, 9 young (36864K), 2 survivors (8192K)
 Metaspace       used 75833K, committed 76544K, reserved 1179648K
  class space    used 9769K, committed 10112K, reserved 1048576K
}
Event: 6378.863 GC heap after
{Heap after GC invocations=46 (full 4):
 garbage-first heap   total 77824K, used 31883K [0x00000006e1000000, 0x0000000800000000)
  region size 4096K, 1 young (4096K), 1 survivors (4096K)
 Metaspace       used 75833K, committed 76544K, reserved 1179648K
  class space    used 9769K, committed 10112K, reserved 1048576K
}
Event: 6498.583 GC heap before
{Heap before GC invocations=46 (full 4):
 garbage-first heap   total 77824K, used 64651K [0x00000006e1000000, 0x0000000800000000)
  region size 4096K, 9 young (36864K), 1 survivors (4096K)
 Metaspace       used 77262K, committed 78016K, reserved 1179648K
  class space    used 9914K, committed 10240K, reserved 1048576K
}
Event: 6498.592 GC heap after
{Heap after GC invocations=47 (full 4):
 garbage-first heap   total 77824K, used 36189K [0x00000006e1000000, 0x0000000800000000)
  region size 4096K, 2 young (8192K), 2 survivors (8192K)
 Metaspace       used 77262K, committed 78016K, reserved 1179648K
  class space    used 9914K, committed 10240K, reserved 1048576K
}
Event: 6566.925 GC heap before
{Heap before GC invocations=48 (full 4):
 garbage-first heap   total 77824K, used 40285K [0x00000006e1000000, 0x0000000800000000)
  region size 4096K, 4 young (16384K), 2 survivors (8192K)
 Metaspace       used 77264K, committed 78016K, reserved 1179648K
  class space    used 9914K, committed 10240K, reserved 1048576K
}
Event: 6567.095 GC heap after
{Heap after GC invocations=49 (full 5):
 garbage-first heap   total 77824K, used 31119K [0x00000006e1000000, 0x0000000800000000)
  region size 4096K, 0 young (0K), 0 survivors (0K)
 Metaspace       used 77264K, committed 78016K, reserved 1179648K
  class space    used 9914K, committed 10240K, reserved 1048576K
}
Event: 6567.747 GC heap before
{Heap before GC invocations=49 (full 5):
 garbage-first heap   total 77824K, used 63887K [0x00000006e1000000, 0x0000000800000000)
  region size 4096K, 8 young (32768K), 0 survivors (0K)
 Metaspace       used 77359K, committed 78080K, reserved 1179648K
  class space    used 9925K, committed 10240K, reserved 1048576K
}
Event: 6567.754 GC heap after
{Heap after GC invocations=50 (full 5):
 garbage-first heap   total 77824K, used 34497K [0x00000006e1000000, 0x0000000800000000)
  region size 4096K, 1 young (4096K), 1 survivors (4096K)
 Metaspace       used 77359K, committed 78080K, reserved 1179648K
  class space    used 9925K, committed 10240K, reserved 1048576K
}
Event: 6568.220 GC heap before
{Heap before GC invocations=51 (full 5):
 garbage-first heap   total 77824K, used 63169K [0x00000006e1000000, 0x0000000800000000)
  region size 4096K, 8 young (32768K), 1 survivors (4096K)
 Metaspace       used 77747K, committed 78464K, reserved 1179648K
  class space    used 9940K, committed 10304K, reserved 1048576K
}
Event: 6568.228 GC heap after
{Heap after GC invocations=52 (full 5):
 garbage-first heap   total 77824K, used 35879K [0x00000006e1000000, 0x0000000800000000)
  region size 4096K, 1 young (4096K), 1 survivors (4096K)
 Metaspace       used 77747K, committed 78464K, reserved 1179648K
  class space    used 9940K, committed 10304K, reserved 1048576K
}
Event: 6571.220 GC heap before
{Heap before GC invocations=52 (full 5):
 garbage-first heap   total 77824K, used 64551K [0x00000006e1000000, 0x0000000800000000)
  region size 4096K, 8 young (32768K), 1 survivors (4096K)
 Metaspace       used 77910K, committed 78656K, reserved 1179648K
  class space    used 9955K, committed 10304K, reserved 1048576K
}
Event: 6571.227 GC heap after
{Heap after GC invocations=53 (full 5):
 garbage-first heap   total 77824K, used 38063K [0x00000006e1000000, 0x0000000800000000)
  region size 4096K, 1 young (4096K), 1 survivors (4096K)
 Metaspace       used 77910K, committed 78656K, reserved 1179648K
  class space    used 9955K, committed 10304K, reserved 1048576K
}
Event: 6571.691 GC heap before
{Heap before GC invocations=53 (full 5):
 garbage-first heap   total 77824K, used 66735K [0x00000006e1000000, 0x0000000800000000)
  region size 4096K, 8 young (32768K), 1 survivors (4096K)
 Metaspace       used 78162K, committed 78912K, reserved 1179648K
  class space    used 9968K, committed 10304K, reserved 1048576K
}
Event: 6571.702 GC heap after
{Heap after GC invocations=54 (full 5):
 garbage-first heap   total 77824K, used 40182K [0x00000006e1000000, 0x0000000800000000)
  region size 4096K, 1 young (4096K), 1 survivors (4096K)
 Metaspace       used 78162K, committed 78912K, reserved 1179648K
  class space    used 9968K, committed 10304K, reserved 1048576K
}
Event: 6572.003 GC heap before
{Heap before GC invocations=55 (full 5):
 garbage-first heap   total 98304K, used 60662K [0x00000006e1000000, 0x0000000800000000)
  region size 4096K, 6 young (24576K), 1 survivors (4096K)
 Metaspace       used 78274K, committed 79040K, reserved 1179648K
  class space    used 9973K, committed 10304K, reserved 1048576K
}
Event: 6572.009 GC heap after
{Heap after GC invocations=56 (full 5):
 garbage-first heap   total 98304K, used 41662K [0x00000006e1000000, 0x0000000800000000)
  region size 4096K, 1 young (4096K), 1 survivors (4096K)
 Metaspace       used 78274K, committed 79040K, reserved 1179648K
  class space    used 9973K, committed 10304K, reserved 1048576K
}
Event: 6771.419 GC heap before
{Heap before GC invocations=56 (full 5):
 garbage-first heap   total 98304K, used 82622K [0x00000006e1000000, 0x0000000800000000)
  region size 4096K, 11 young (45056K), 1 survivors (4096K)
 Metaspace       used 78680K, committed 79424K, reserved 1179648K
  class space    used 10010K, committed 10368K, reserved 1048576K
}
Event: 6771.427 GC heap after
{Heap after GC invocations=57 (full 5):
 garbage-first heap   total 98304K, used 41894K [0x00000006e1000000, 0x0000000800000000)
  region size 4096K, 2 young (8192K), 2 survivors (8192K)
 Metaspace       used 78680K, committed 79424K, reserved 1179648K
  class space    used 10010K, committed 10368K, reserved 1048576K
}
Event: 6825.886 GC heap before
{Heap before GC invocations=57 (full 5):
 garbage-first heap   total 98304K, used 45990K [0x00000006e1000000, 0x0000000800000000)
  region size 4096K, 4 young (16384K), 2 survivors (8192K)
 Metaspace       used 78688K, committed 79424K, reserved 1179648K
  class space    used 10011K, committed 10368K, reserved 1048576K
}

